生成启动时间为 2014/12/30 22:45:58。
     1>项目“C:\Users\apple\Desktop\hh\MGraph\MGraph\MGraph.vcxproj”在节点 2 上(build 个目标)。
     1>InitializeBuildStatus:
         正在对“Debug\MGraph.unsuccessfulbuild”执行 Touch 任务。
       ClCompile:
         c:\Program Files (x86)\Microsoft Visual Studio 10.0\VC\bin\CL.exe /c /ZI /nologo /W3 /WX- /Od /Oy- /D WIN32 /D _DEBUG /D _CONSOLE /D _UNICODE /D UNICODE /Gm /EHsc /RTC1 /MDd /GS /fp:precise /Zc:wchar_t /Zc:forScope /Fo"Debug\\" /Fd"Debug\vc100.pdb" /Gd /TP /analyze- /errorReport:prompt MainTest.cpp
         MainTest.cpp
       ManifestResourceCompile:
         所有输出均为最新。
       Link:
         c:\Program Files (x86)\Microsoft Visual Studio 10.0\VC\bin\link.exe /ERRORREPORT:PROMPT /OUT:"C:\Users\apple\Desktop\hh\MGraph\Debug\MGraph.exe" /INCREMENTAL /NOLOGO kernel32.lib user32.lib gdi32.lib winspool.lib comdlg32.lib advapi32.lib shell32.lib ole32.lib oleaut32.lib uuid.lib odbc32.lib odbccp32.lib /MANIFEST /ManifestFile:"Debug\MGraph.exe.intermediate.manifest" /MANIFESTUAC:"level='asInvoker' uiAccess='false'" /DEBUG /PDB:"C:\Users\apple\Desktop\hh\MGraph\Debug\MGraph.pdb" /SUBSYSTEM:CONSOLE /TLBID:1 /DYNAMICBASE /NXCOMPAT /IMPLIB:"C:\Users\apple\Desktop\hh\MGraph\Debug\MGraph.lib" /MACHINE:X86 Debug\MGraph.exe.embed.manifest.res
         Debug\MainTest.obj
       Manifest:
         c:\Program Files (x86)\Microsoft SDKs\Windows\v7.0A\bin\mt.exe /nologo /verbose /out:"Debug\MGraph.exe.embed.manifest" /manifest Debug\MGraph.exe.intermediate.manifest
         所有输出均为最新。
       LinkEmbedManifest:
         所有输出均为最新。
         MGraph.vcxproj -> C:\Users\apple\Desktop\hh\MGraph\Debug\MGraph.exe
       FinalizeBuildStatus:
         正在删除文件“Debug\MGraph.unsuccessfulbuild”。
         正在对“Debug\MGraph.lastbuildstate”执行 Touch 任务。
     1>已完成生成项目“C:\Users\apple\Desktop\hh\MGraph\MGraph\MGraph.vcxproj”(build 个目标)的操作。

生成成功。

已用时间 00:00:01.92
